ARM GAS  C:\Users\sunyi\AppData\Local\Temp\cclEkIoz.s 			page 1


   1              		.cpu cortex-m0
   2              		.fpu softvfp
   3              		.eabi_attribute 20, 1
   4              		.eabi_attribute 21, 1
   5              		.eabi_attribute 23, 3
   6              		.eabi_attribute 24, 1
   7              		.eabi_attribute 25, 1
   8              		.eabi_attribute 26, 1
   9              		.eabi_attribute 30, 6
  10              		.eabi_attribute 34, 0
  11              		.eabi_attribute 18, 4
  12              		.code	16
  13              		.file	"BLE_1_custom.c"
  14              		.text
  15              	.Ltext0:
  16              		.cfi_sections	.debug_frame
  17              		.global	cyBle_customs
  18              		.section	.rodata
  19              		.align	2
  20              		.type	cyBle_customs, %object
  21              		.size	cyBle_customs, 16
  22              	cyBle_customs:
  23 0000 0C00     		.short	12
  24 0002 0E00     		.short	14
  25 0004 0F00     		.short	15
  26 0006 1000     		.short	16
  27 0008 1100     		.short	17
  28 000a 1300     		.short	19
  29 000c 1400     		.short	20
  30 000e 0000     		.short	0
  31              		.section	.text.CyBle_CustomInit,"ax",%progbits
  32              		.align	2
  33              		.global	CyBle_CustomInit
  34              		.code	16
  35              		.thumb_func
  36              		.type	CyBle_CustomInit, %function
  37              	CyBle_CustomInit:
  38              	.LFB2:
  39              		.file 1 ".\\Generated_Source\\PSoC4\\BLE_1_custom.c"
   1:.\Generated_Source\PSoC4/BLE_1_custom.c **** /*******************************************************************************
   2:.\Generated_Source\PSoC4/BLE_1_custom.c **** File Name: CYBLE_custom.c
   3:.\Generated_Source\PSoC4/BLE_1_custom.c **** Version 2.0
   4:.\Generated_Source\PSoC4/BLE_1_custom.c **** 
   5:.\Generated_Source\PSoC4/BLE_1_custom.c **** Description:
   6:.\Generated_Source\PSoC4/BLE_1_custom.c ****  Contains the source code for the Custom Service.
   7:.\Generated_Source\PSoC4/BLE_1_custom.c **** 
   8:.\Generated_Source\PSoC4/BLE_1_custom.c **** ********************************************************************************
   9:.\Generated_Source\PSoC4/BLE_1_custom.c **** Copyright 2014-2015, Cypress Semiconductor Corporation.  All rights reserved.
  10:.\Generated_Source\PSoC4/BLE_1_custom.c **** You may use this file only in accordance with the license, terms, conditions,
  11:.\Generated_Source\PSoC4/BLE_1_custom.c **** disclaimers, and limitations in the end user license agreement accompanying
  12:.\Generated_Source\PSoC4/BLE_1_custom.c **** the software package with which this file was provided.
  13:.\Generated_Source\PSoC4/BLE_1_custom.c **** *******************************************************************************/
  14:.\Generated_Source\PSoC4/BLE_1_custom.c **** 
  15:.\Generated_Source\PSoC4/BLE_1_custom.c **** 
  16:.\Generated_Source\PSoC4/BLE_1_custom.c **** #include "BLE_1_eventHandler.h"
  17:.\Generated_Source\PSoC4/BLE_1_custom.c **** 
  18:.\Generated_Source\PSoC4/BLE_1_custom.c **** #ifdef CYBLE_CUSTOM_SERVER
ARM GAS  C:\Users\sunyi\AppData\Local\Temp\cclEkIoz.s 			page 2


  19:.\Generated_Source\PSoC4/BLE_1_custom.c **** 
  20:.\Generated_Source\PSoC4/BLE_1_custom.c **** /* If any custom service with custom characterisctis is defined in the
  21:.\Generated_Source\PSoC4/BLE_1_custom.c **** * customizer's GUI their handles will be present in this array.
  22:.\Generated_Source\PSoC4/BLE_1_custom.c **** */
  23:.\Generated_Source\PSoC4/BLE_1_custom.c **** /* This array contains attribute handles for the defined Custom Services and their characteristics 
  24:.\Generated_Source\PSoC4/BLE_1_custom.c ****    The array index definitions are located in the CYBLE_custom.h file. */
  25:.\Generated_Source\PSoC4/BLE_1_custom.c **** const CYBLE_CUSTOMS_T cyBle_customs[0x02u] = {
  26:.\Generated_Source\PSoC4/BLE_1_custom.c **** 
  27:.\Generated_Source\PSoC4/BLE_1_custom.c ****     /* CapSense Service service */
  28:.\Generated_Source\PSoC4/BLE_1_custom.c ****     {
  29:.\Generated_Source\PSoC4/BLE_1_custom.c ****         0x000Cu, /* Handle of the CapSense Service service */ 
  30:.\Generated_Source\PSoC4/BLE_1_custom.c ****         {
  31:.\Generated_Source\PSoC4/BLE_1_custom.c **** 
  32:.\Generated_Source\PSoC4/BLE_1_custom.c ****             /* CapSense Slider Characteristic characteristic */
  33:.\Generated_Source\PSoC4/BLE_1_custom.c ****             {
  34:.\Generated_Source\PSoC4/BLE_1_custom.c ****                 0x000Eu, /* Handle of the CapSense Slider Characteristic characteristic */ 
  35:.\Generated_Source\PSoC4/BLE_1_custom.c ****                 
  36:.\Generated_Source\PSoC4/BLE_1_custom.c ****                 /* Array of Descriptors handles */
  37:.\Generated_Source\PSoC4/BLE_1_custom.c ****                 {
  38:.\Generated_Source\PSoC4/BLE_1_custom.c ****                     0x000Fu, /* Handle of the Client Characteristic Configuration descriptor */ 
  39:.\Generated_Source\PSoC4/BLE_1_custom.c ****                     0x0010u, /* Handle of the Characteristic User Description descriptor */ 
  40:.\Generated_Source\PSoC4/BLE_1_custom.c ****                 }, 
  41:.\Generated_Source\PSoC4/BLE_1_custom.c ****             },
  42:.\Generated_Source\PSoC4/BLE_1_custom.c ****         }, 
  43:.\Generated_Source\PSoC4/BLE_1_custom.c ****     },
  44:.\Generated_Source\PSoC4/BLE_1_custom.c **** 
  45:.\Generated_Source\PSoC4/BLE_1_custom.c ****     /* RGB LED Service service */
  46:.\Generated_Source\PSoC4/BLE_1_custom.c ****     {
  47:.\Generated_Source\PSoC4/BLE_1_custom.c ****         0x0011u, /* Handle of the RGB LED Service service */ 
  48:.\Generated_Source\PSoC4/BLE_1_custom.c ****         {
  49:.\Generated_Source\PSoC4/BLE_1_custom.c **** 
  50:.\Generated_Source\PSoC4/BLE_1_custom.c ****             /* RGB LED Characteristic characteristic */
  51:.\Generated_Source\PSoC4/BLE_1_custom.c ****             {
  52:.\Generated_Source\PSoC4/BLE_1_custom.c ****                 0x0013u, /* Handle of the RGB LED Characteristic characteristic */ 
  53:.\Generated_Source\PSoC4/BLE_1_custom.c ****                 
  54:.\Generated_Source\PSoC4/BLE_1_custom.c ****                 /* Array of Descriptors handles */
  55:.\Generated_Source\PSoC4/BLE_1_custom.c ****                 {
  56:.\Generated_Source\PSoC4/BLE_1_custom.c ****                     0x0014u, /* Handle of the Characteristic User Description descriptor */ 
  57:.\Generated_Source\PSoC4/BLE_1_custom.c ****                     CYBLE_GATT_INVALID_ATTR_HANDLE_VALUE, 
  58:.\Generated_Source\PSoC4/BLE_1_custom.c ****                 }, 
  59:.\Generated_Source\PSoC4/BLE_1_custom.c ****             },
  60:.\Generated_Source\PSoC4/BLE_1_custom.c ****         }, 
  61:.\Generated_Source\PSoC4/BLE_1_custom.c ****     },
  62:.\Generated_Source\PSoC4/BLE_1_custom.c **** };
  63:.\Generated_Source\PSoC4/BLE_1_custom.c **** 
  64:.\Generated_Source\PSoC4/BLE_1_custom.c **** 
  65:.\Generated_Source\PSoC4/BLE_1_custom.c **** #endif /* (CYBLE_CUSTOM_SERVER) */
  66:.\Generated_Source\PSoC4/BLE_1_custom.c **** 
  67:.\Generated_Source\PSoC4/BLE_1_custom.c **** #ifdef CYBLE_CUSTOM_CLIENT
  68:.\Generated_Source\PSoC4/BLE_1_custom.c ****     
  69:.\Generated_Source\PSoC4/BLE_1_custom.c **** 
  70:.\Generated_Source\PSoC4/BLE_1_custom.c **** static uint16 cyBle_customDisServIndex;
  71:.\Generated_Source\PSoC4/BLE_1_custom.c **** static uint16 cyBle_customDisCharIndex;
  72:.\Generated_Source\PSoC4/BLE_1_custom.c **** 
  73:.\Generated_Source\PSoC4/BLE_1_custom.c **** #endif /* (CYBLE_CUSTOM_CLIENT) */
  74:.\Generated_Source\PSoC4/BLE_1_custom.c **** 
  75:.\Generated_Source\PSoC4/BLE_1_custom.c **** 
ARM GAS  C:\Users\sunyi\AppData\Local\Temp\cclEkIoz.s 			page 3


  76:.\Generated_Source\PSoC4/BLE_1_custom.c **** /****************************************************************************** 
  77:.\Generated_Source\PSoC4/BLE_1_custom.c **** ##Function Name: CyBle_CustomInit
  78:.\Generated_Source\PSoC4/BLE_1_custom.c **** *******************************************************************************
  79:.\Generated_Source\PSoC4/BLE_1_custom.c **** 
  80:.\Generated_Source\PSoC4/BLE_1_custom.c **** Summary:
  81:.\Generated_Source\PSoC4/BLE_1_custom.c ****  This function initializes Custom Service.
  82:.\Generated_Source\PSoC4/BLE_1_custom.c **** 
  83:.\Generated_Source\PSoC4/BLE_1_custom.c **** Parameters:
  84:.\Generated_Source\PSoC4/BLE_1_custom.c ****  None
  85:.\Generated_Source\PSoC4/BLE_1_custom.c **** 
  86:.\Generated_Source\PSoC4/BLE_1_custom.c **** Return:
  87:.\Generated_Source\PSoC4/BLE_1_custom.c ****  None
  88:.\Generated_Source\PSoC4/BLE_1_custom.c **** 
  89:.\Generated_Source\PSoC4/BLE_1_custom.c **** ******************************************************************************/
  90:.\Generated_Source\PSoC4/BLE_1_custom.c **** void CyBle_CustomInit(void)
  91:.\Generated_Source\PSoC4/BLE_1_custom.c **** {
  40              		.loc 1 91 0
  41              		.cfi_startproc
  42 0000 80B5     		push	{r7, lr}
  43              		.cfi_def_cfa_offset 8
  44              		.cfi_offset 7, -8
  45              		.cfi_offset 14, -4
  46 0002 00AF     		add	r7, sp, #0
  47              		.cfi_def_cfa_register 7
  92:.\Generated_Source\PSoC4/BLE_1_custom.c ****     
  93:.\Generated_Source\PSoC4/BLE_1_custom.c **** #ifdef CYBLE_CUSTOM_CLIENT
  94:.\Generated_Source\PSoC4/BLE_1_custom.c **** 
  95:.\Generated_Source\PSoC4/BLE_1_custom.c ****     uint16 locServIndex;
  96:.\Generated_Source\PSoC4/BLE_1_custom.c ****     uint16 locCharIndex;
  97:.\Generated_Source\PSoC4/BLE_1_custom.c ****     uint16 locDescIndex;
  98:.\Generated_Source\PSoC4/BLE_1_custom.c ****     
  99:.\Generated_Source\PSoC4/BLE_1_custom.c ****     for(locServIndex = 0u; locServIndex < CYBLE_CUSTOMC_SERVICE_COUNT; locServIndex++)
 100:.\Generated_Source\PSoC4/BLE_1_custom.c ****     {
 101:.\Generated_Source\PSoC4/BLE_1_custom.c ****         for(locCharIndex = 0u; locCharIndex < cyBle_customCServ[locServIndex].charCount; locCharInd
 102:.\Generated_Source\PSoC4/BLE_1_custom.c ****         {
 103:.\Generated_Source\PSoC4/BLE_1_custom.c ****             cyBle_customCServ[locServIndex].customServChar[locCharIndex].
 104:.\Generated_Source\PSoC4/BLE_1_custom.c ****                 customServCharHandle = 0u;
 105:.\Generated_Source\PSoC4/BLE_1_custom.c ****             
 106:.\Generated_Source\PSoC4/BLE_1_custom.c ****             for(locDescIndex = 0u; locDescIndex < 
 107:.\Generated_Source\PSoC4/BLE_1_custom.c ****                 cyBle_customCServ[locServIndex].customServChar[locCharIndex].descCount; 
 108:.\Generated_Source\PSoC4/BLE_1_custom.c ****                     locDescIndex++)
 109:.\Generated_Source\PSoC4/BLE_1_custom.c ****             {
 110:.\Generated_Source\PSoC4/BLE_1_custom.c ****                 cyBle_customCServ[locServIndex].customServChar[locCharIndex].
 111:.\Generated_Source\PSoC4/BLE_1_custom.c ****                     customServCharDesc[locDescIndex].descHandle = 0u;
 112:.\Generated_Source\PSoC4/BLE_1_custom.c ****             }
 113:.\Generated_Source\PSoC4/BLE_1_custom.c ****         }
 114:.\Generated_Source\PSoC4/BLE_1_custom.c ****     }
 115:.\Generated_Source\PSoC4/BLE_1_custom.c **** 
 116:.\Generated_Source\PSoC4/BLE_1_custom.c **** #endif /* (CYBLE_CUSTOM_CLIENT) */
 117:.\Generated_Source\PSoC4/BLE_1_custom.c **** }
  48              		.loc 1 117 0
  49 0004 BD46     		mov	sp, r7
  50              		@ sp needed
  51 0006 80BD     		pop	{r7, pc}
  52              		.cfi_endproc
  53              	.LFE2:
  54              		.size	CyBle_CustomInit, .-CyBle_CustomInit
ARM GAS  C:\Users\sunyi\AppData\Local\Temp\cclEkIoz.s 			page 4


  55              		.text
  56              	.Letext0:
  57              		.file 2 ".\\Generated_Source\\PSoC4\\cytypes.h"
  58              		.file 3 ".\\Generated_Source\\PSoC4\\BLE_1_StackGatt.h"
  59              		.file 4 ".\\Generated_Source\\PSoC4\\BLE_1_custom.h"
  60              		.file 5 ".\\Generated_Source\\PSoC4\\BLE_1_Stack.h"
  61              		.section	.debug_info,"",%progbits
  62              	.Ldebug_info0:
  63 0000 CF020000 		.4byte	0x2cf
  64 0004 0400     		.2byte	0x4
  65 0006 00000000 		.4byte	.Ldebug_abbrev0
  66 000a 04       		.byte	0x4
  67 000b 01       		.uleb128 0x1
  68 000c 75050000 		.4byte	.LASF78
  69 0010 01       		.byte	0x1
  70 0011 28030000 		.4byte	.LASF79
  71 0015 FC000000 		.4byte	.LASF80
  72 0019 00000000 		.4byte	.Ldebug_ranges0+0
  73 001d 00000000 		.4byte	0
  74 0021 00000000 		.4byte	.Ldebug_line0
  75 0025 02       		.uleb128 0x2
  76 0026 01       		.byte	0x1
  77 0027 06       		.byte	0x6
  78 0028 2B040000 		.4byte	.LASF0
  79 002c 02       		.uleb128 0x2
  80 002d 01       		.byte	0x1
  81 002e 08       		.byte	0x8
  82 002f B2030000 		.4byte	.LASF1
  83 0033 02       		.uleb128 0x2
  84 0034 02       		.byte	0x2
  85 0035 05       		.byte	0x5
  86 0036 46000000 		.4byte	.LASF2
  87 003a 02       		.uleb128 0x2
  88 003b 02       		.byte	0x2
  89 003c 07       		.byte	0x7
  90 003d 1F060000 		.4byte	.LASF3
  91 0041 02       		.uleb128 0x2
  92 0042 04       		.byte	0x4
  93 0043 05       		.byte	0x5
  94 0044 54020000 		.4byte	.LASF4
  95 0048 02       		.uleb128 0x2
  96 0049 04       		.byte	0x4
  97 004a 07       		.byte	0x7
  98 004b BC040000 		.4byte	.LASF5
  99 004f 02       		.uleb128 0x2
 100 0050 08       		.byte	0x8
 101 0051 05       		.byte	0x5
 102 0052 1A020000 		.4byte	.LASF6
 103 0056 02       		.uleb128 0x2
 104 0057 08       		.byte	0x8
 105 0058 07       		.byte	0x7
 106 0059 28020000 		.4byte	.LASF7
 107 005d 03       		.uleb128 0x3
 108 005e 04       		.byte	0x4
 109 005f 05       		.byte	0x5
 110 0060 696E7400 		.ascii	"int\000"
 111 0064 02       		.uleb128 0x2
ARM GAS  C:\Users\sunyi\AppData\Local\Temp\cclEkIoz.s 			page 5


 112 0065 04       		.byte	0x4
 113 0066 07       		.byte	0x7
 114 0067 94040000 		.4byte	.LASF8
 115 006b 04       		.uleb128 0x4
 116 006c F5000000 		.4byte	.LASF70
 117 0070 02       		.byte	0x2
 118 0071 B4       		.byte	0xb4
 119 0072 3A000000 		.4byte	0x3a
 120 0076 02       		.uleb128 0x2
 121 0077 04       		.byte	0x4
 122 0078 04       		.byte	0x4
 123 0079 E1010000 		.4byte	.LASF9
 124 007d 02       		.uleb128 0x2
 125 007e 08       		.byte	0x8
 126 007f 04       		.byte	0x4
 127 0080 CF060000 		.4byte	.LASF10
 128 0084 02       		.uleb128 0x2
 129 0085 01       		.byte	0x1
 130 0086 08       		.byte	0x8
 131 0087 70050000 		.4byte	.LASF11
 132 008b 02       		.uleb128 0x2
 133 008c 04       		.byte	0x4
 134 008d 07       		.byte	0x7
 135 008e 6A000000 		.4byte	.LASF12
 136 0092 05       		.uleb128 0x5
 137 0093 01       		.byte	0x1
 138 0094 05       		.byte	0x5
 139 0095 7A       		.byte	0x7a
 140 0096 17020000 		.4byte	0x217
 141 009a 06       		.uleb128 0x6
 142 009b 8B010000 		.4byte	.LASF13
 143 009f 00       		.sleb128 0
 144 00a0 06       		.uleb128 0x6
 145 00a1 C4000000 		.4byte	.LASF14
 146 00a5 01       		.sleb128 1
 147 00a6 06       		.uleb128 0x6
 148 00a7 38080000 		.4byte	.LASF15
 149 00ab 02       		.sleb128 2
 150 00ac 06       		.uleb128 0x6
 151 00ad 0E070000 		.4byte	.LASF16
 152 00b1 03       		.sleb128 3
 153 00b2 06       		.uleb128 0x6
 154 00b3 9E000000 		.4byte	.LASF17
 155 00b7 04       		.sleb128 4
 156 00b8 06       		.uleb128 0x6
 157 00b9 E6020000 		.4byte	.LASF18
 158 00bd 05       		.sleb128 5
 159 00be 06       		.uleb128 0x6
 160 00bf 6C070000 		.4byte	.LASF19
 161 00c3 20       		.sleb128 32
 162 00c4 06       		.uleb128 0x6
 163 00c5 CE040000 		.4byte	.LASF20
 164 00c9 21       		.sleb128 33
 165 00ca 06       		.uleb128 0x6
 166 00cb 00000000 		.4byte	.LASF21
 167 00cf 22       		.sleb128 34
 168 00d0 06       		.uleb128 0x6
ARM GAS  C:\Users\sunyi\AppData\Local\Temp\cclEkIoz.s 			page 6


 169 00d1 02030000 		.4byte	.LASF22
 170 00d5 23       		.sleb128 35
 171 00d6 06       		.uleb128 0x6
 172 00d7 78040000 		.4byte	.LASF23
 173 00db 24       		.sleb128 36
 174 00dc 06       		.uleb128 0x6
 175 00dd 50000000 		.4byte	.LASF24
 176 00e1 25       		.sleb128 37
 177 00e2 06       		.uleb128 0x6
 178 00e3 9D020000 		.4byte	.LASF25
 179 00e7 26       		.sleb128 38
 180 00e8 06       		.uleb128 0x6
 181 00e9 7E020000 		.4byte	.LASF26
 182 00ed 27       		.sleb128 39
 183 00ee 06       		.uleb128 0x6
 184 00ef 24000000 		.4byte	.LASF27
 185 00f3 28       		.sleb128 40
 186 00f4 06       		.uleb128 0x6
 187 00f5 06050000 		.4byte	.LASF28
 188 00f9 29       		.sleb128 41
 189 00fa 06       		.uleb128 0x6
 190 00fb 47050000 		.4byte	.LASF29
 191 00ff 2A       		.sleb128 42
 192 0100 06       		.uleb128 0x6
 193 0101 6F060000 		.4byte	.LASF30
 194 0105 2B       		.sleb128 43
 195 0106 06       		.uleb128 0x6
 196 0107 23050000 		.4byte	.LASF31
 197 010b 2C       		.sleb128 44
 198 010c 06       		.uleb128 0x6
 199 010d 73000000 		.4byte	.LASF32
 200 0111 C000     		.sleb128 64
 201 0113 06       		.uleb128 0x6
 202 0114 A1040000 		.4byte	.LASF33
 203 0118 C100     		.sleb128 65
 204 011a 06       		.uleb128 0x6
 205 011b 02090000 		.4byte	.LASF34
 206 011f C200     		.sleb128 66
 207 0121 06       		.uleb128 0x6
 208 0122 D7000000 		.4byte	.LASF35
 209 0126 C300     		.sleb128 67
 210 0128 06       		.uleb128 0x6
 211 0129 F6070000 		.4byte	.LASF36
 212 012d C400     		.sleb128 68
 213 012f 06       		.uleb128 0x6
 214 0130 90070000 		.4byte	.LASF37
 215 0134 C500     		.sleb128 69
 216 0136 06       		.uleb128 0x6
 217 0137 D5070000 		.4byte	.LASF38
 218 013b C600     		.sleb128 70
 219 013d 06       		.uleb128 0x6
 220 013e 0D040000 		.4byte	.LASF39
 221 0142 C700     		.sleb128 71
 222 0144 06       		.uleb128 0x6
 223 0145 51040000 		.4byte	.LASF40
 224 0149 C800     		.sleb128 72
 225 014b 06       		.uleb128 0x6
ARM GAS  C:\Users\sunyi\AppData\Local\Temp\cclEkIoz.s 			page 7


 226 014c E7010000 		.4byte	.LASF41
 227 0150 C900     		.sleb128 73
 228 0152 06       		.uleb128 0x6
 229 0153 32060000 		.4byte	.LASF42
 230 0157 CA00     		.sleb128 74
 231 0159 06       		.uleb128 0x6
 232 015a 4B010000 		.4byte	.LASF43
 233 015e CB00     		.sleb128 75
 234 0160 06       		.uleb128 0x6
 235 0161 37040000 		.4byte	.LASF44
 236 0165 CC00     		.sleb128 76
 237 0167 06       		.uleb128 0x6
 238 0168 00020000 		.4byte	.LASF45
 239 016c CD00     		.sleb128 77
 240 016e 06       		.uleb128 0x6
 241 016f B7070000 		.4byte	.LASF46
 242 0173 CE00     		.sleb128 78
 243 0175 06       		.uleb128 0x6
 244 0176 CF030000 		.4byte	.LASF47
 245 017a CF00     		.sleb128 79
 246 017c 06       		.uleb128 0x6
 247 017d 95080000 		.4byte	.LASF48
 248 0181 D000     		.sleb128 80
 249 0183 06       		.uleb128 0x6
 250 0184 50060000 		.4byte	.LASF49
 251 0188 D100     		.sleb128 81
 252 018a 06       		.uleb128 0x6
 253 018b C5020000 		.4byte	.LASF50
 254 018f D200     		.sleb128 82
 255 0191 06       		.uleb128 0x6
 256 0192 5D020000 		.4byte	.LASF51
 257 0196 D300     		.sleb128 83
 258 0198 06       		.uleb128 0x6
 259 0199 6A010000 		.4byte	.LASF52
 260 019d D400     		.sleb128 84
 261 019f 06       		.uleb128 0x6
 262 01a0 DE080000 		.4byte	.LASF53
 263 01a4 D500     		.sleb128 85
 264 01a6 06       		.uleb128 0x6
 265 01a7 73080000 		.4byte	.LASF54
 266 01ab D600     		.sleb128 86
 267 01ad 06       		.uleb128 0x6
 268 01ae 4A080000 		.4byte	.LASF55
 269 01b2 D700     		.sleb128 87
 270 01b4 06       		.uleb128 0x6
 271 01b5 8C030000 		.4byte	.LASF56
 272 01b9 F000     		.sleb128 112
 273 01bb 06       		.uleb128 0x6
 274 01bc 46070000 		.4byte	.LASF57
 275 01c0 F100     		.sleb128 113
 276 01c2 06       		.uleb128 0x6
 277 01c3 03060000 		.4byte	.LASF58
 278 01c7 F200     		.sleb128 114
 279 01c9 06       		.uleb128 0x6
 280 01ca A2010000 		.4byte	.LASF59
 281 01ce F300     		.sleb128 115
 282 01d0 06       		.uleb128 0x6
ARM GAS  C:\Users\sunyi\AppData\Local\Temp\cclEkIoz.s 			page 8


 283 01d1 60030000 		.4byte	.LASF60
 284 01d5 F400     		.sleb128 116
 285 01d7 06       		.uleb128 0x6
 286 01d8 E5040000 		.4byte	.LASF61
 287 01dc F500     		.sleb128 117
 288 01de 06       		.uleb128 0x6
 289 01df C0010000 		.4byte	.LASF62
 290 01e3 F600     		.sleb128 118
 291 01e5 06       		.uleb128 0x6
 292 01e6 27070000 		.4byte	.LASF63
 293 01ea F700     		.sleb128 119
 294 01ec 06       		.uleb128 0x6
 295 01ed AC060000 		.4byte	.LASF64
 296 01f1 F800     		.sleb128 120
 297 01f3 06       		.uleb128 0x6
 298 01f4 D6060000 		.4byte	.LASF65
 299 01f8 F900     		.sleb128 121
 300 01fa 06       		.uleb128 0x6
 301 01fb 14080000 		.4byte	.LASF66
 302 01ff FA00     		.sleb128 122
 303 0201 06       		.uleb128 0x6
 304 0202 8E060000 		.4byte	.LASF67
 305 0206 FA01     		.sleb128 250
 306 0208 06       		.uleb128 0x6
 307 0209 EE030000 		.4byte	.LASF68
 308 020d FB01     		.sleb128 251
 309 020f 06       		.uleb128 0x6
 310 0210 7E030000 		.4byte	.LASF69
 311 0214 FF01     		.sleb128 255
 312 0216 00       		.byte	0
 313 0217 07       		.uleb128 0x7
 314 0218 B4080000 		.4byte	.LASF71
 315 021c 03       		.byte	0x3
 316 021d 6201     		.2byte	0x162
 317 021f 6B000000 		.4byte	0x6b
 318 0223 08       		.uleb128 0x8
 319 0224 06       		.byte	0x6
 320 0225 04       		.byte	0x4
 321 0226 45       		.byte	0x45
 322 0227 44020000 		.4byte	0x244
 323 022b 09       		.uleb128 0x9
 324 022c F9060000 		.4byte	.LASF72
 325 0230 04       		.byte	0x4
 326 0231 48       		.byte	0x48
 327 0232 17020000 		.4byte	0x217
 328 0236 00       		.byte	0
 329 0237 09       		.uleb128 0x9
 330 0238 38010000 		.4byte	.LASF73
 331 023c 04       		.byte	0x4
 332 023d 4A       		.byte	0x4a
 333 023e 44020000 		.4byte	0x244
 334 0242 02       		.byte	0x2
 335 0243 00       		.byte	0
 336 0244 0A       		.uleb128 0xa
 337 0245 17020000 		.4byte	0x217
 338 0249 54020000 		.4byte	0x254
 339 024d 0B       		.uleb128 0xb
ARM GAS  C:\Users\sunyi\AppData\Local\Temp\cclEkIoz.s 			page 9


 340 024e 8B000000 		.4byte	0x8b
 341 0252 01       		.byte	0x1
 342 0253 00       		.byte	0
 343 0254 04       		.uleb128 0x4
 344 0255 3F020000 		.4byte	.LASF74
 345 0259 04       		.byte	0x4
 346 025a 4B       		.byte	0x4b
 347 025b 23020000 		.4byte	0x223
 348 025f 08       		.uleb128 0x8
 349 0260 08       		.byte	0x8
 350 0261 04       		.byte	0x4
 351 0262 4E       		.byte	0x4e
 352 0263 80020000 		.4byte	0x280
 353 0267 09       		.uleb128 0x9
 354 0268 8D000000 		.4byte	.LASF75
 355 026c 04       		.byte	0x4
 356 026d 51       		.byte	0x51
 357 026e 17020000 		.4byte	0x217
 358 0272 00       		.byte	0
 359 0273 09       		.uleb128 0x9
 360 0274 C0030000 		.4byte	.LASF76
 361 0278 04       		.byte	0x4
 362 0279 54       		.byte	0x54
 363 027a 80020000 		.4byte	0x280
 364 027e 02       		.byte	0x2
 365 027f 00       		.byte	0
 366 0280 0A       		.uleb128 0xa
 367 0281 54020000 		.4byte	0x254
 368 0285 90020000 		.4byte	0x290
 369 0289 0B       		.uleb128 0xb
 370 028a 8B000000 		.4byte	0x8b
 371 028e 00       		.byte	0
 372 028f 00       		.byte	0
 373 0290 04       		.uleb128 0x4
 374 0291 50030000 		.4byte	.LASF77
 375 0295 04       		.byte	0x4
 376 0296 55       		.byte	0x55
 377 0297 5F020000 		.4byte	0x25f
 378 029b 0C       		.uleb128 0xc
 379 029c B3000000 		.4byte	.LASF81
 380 02a0 01       		.byte	0x1
 381 02a1 5A       		.byte	0x5a
 382 02a2 00000000 		.4byte	.LFB2
 383 02a6 08000000 		.4byte	.LFE2-.LFB2
 384 02aa 01       		.uleb128 0x1
 385 02ab 9C       		.byte	0x9c
 386 02ac 0A       		.uleb128 0xa
 387 02ad 90020000 		.4byte	0x290
 388 02b1 BC020000 		.4byte	0x2bc
 389 02b5 0B       		.uleb128 0xb
 390 02b6 8B000000 		.4byte	0x8b
 391 02ba 01       		.byte	0x1
 392 02bb 00       		.byte	0
 393 02bc 0D       		.uleb128 0xd
 394 02bd D0080000 		.4byte	.LASF82
 395 02c1 01       		.byte	0x1
 396 02c2 19       		.byte	0x19
ARM GAS  C:\Users\sunyi\AppData\Local\Temp\cclEkIoz.s 			page 10


 397 02c3 CD020000 		.4byte	0x2cd
 398 02c7 05       		.uleb128 0x5
 399 02c8 03       		.byte	0x3
 400 02c9 00000000 		.4byte	cyBle_customs
 401 02cd 0E       		.uleb128 0xe
 402 02ce AC020000 		.4byte	0x2ac
 403 02d2 00       		.byte	0
 404              		.section	.debug_abbrev,"",%progbits
 405              	.Ldebug_abbrev0:
 406 0000 01       		.uleb128 0x1
 407 0001 11       		.uleb128 0x11
 408 0002 01       		.byte	0x1
 409 0003 25       		.uleb128 0x25
 410 0004 0E       		.uleb128 0xe
 411 0005 13       		.uleb128 0x13
 412 0006 0B       		.uleb128 0xb
 413 0007 03       		.uleb128 0x3
 414 0008 0E       		.uleb128 0xe
 415 0009 1B       		.uleb128 0x1b
 416 000a 0E       		.uleb128 0xe
 417 000b 55       		.uleb128 0x55
 418 000c 17       		.uleb128 0x17
 419 000d 11       		.uleb128 0x11
 420 000e 01       		.uleb128 0x1
 421 000f 10       		.uleb128 0x10
 422 0010 17       		.uleb128 0x17
 423 0011 00       		.byte	0
 424 0012 00       		.byte	0
 425 0013 02       		.uleb128 0x2
 426 0014 24       		.uleb128 0x24
 427 0015 00       		.byte	0
 428 0016 0B       		.uleb128 0xb
 429 0017 0B       		.uleb128 0xb
 430 0018 3E       		.uleb128 0x3e
 431 0019 0B       		.uleb128 0xb
 432 001a 03       		.uleb128 0x3
 433 001b 0E       		.uleb128 0xe
 434 001c 00       		.byte	0
 435 001d 00       		.byte	0
 436 001e 03       		.uleb128 0x3
 437 001f 24       		.uleb128 0x24
 438 0020 00       		.byte	0
 439 0021 0B       		.uleb128 0xb
 440 0022 0B       		.uleb128 0xb
 441 0023 3E       		.uleb128 0x3e
 442 0024 0B       		.uleb128 0xb
 443 0025 03       		.uleb128 0x3
 444 0026 08       		.uleb128 0x8
 445 0027 00       		.byte	0
 446 0028 00       		.byte	0
 447 0029 04       		.uleb128 0x4
 448 002a 16       		.uleb128 0x16
 449 002b 00       		.byte	0
 450 002c 03       		.uleb128 0x3
 451 002d 0E       		.uleb128 0xe
 452 002e 3A       		.uleb128 0x3a
 453 002f 0B       		.uleb128 0xb
ARM GAS  C:\Users\sunyi\AppData\Local\Temp\cclEkIoz.s 			page 11


 454 0030 3B       		.uleb128 0x3b
 455 0031 0B       		.uleb128 0xb
 456 0032 49       		.uleb128 0x49
 457 0033 13       		.uleb128 0x13
 458 0034 00       		.byte	0
 459 0035 00       		.byte	0
 460 0036 05       		.uleb128 0x5
 461 0037 04       		.uleb128 0x4
 462 0038 01       		.byte	0x1
 463 0039 0B       		.uleb128 0xb
 464 003a 0B       		.uleb128 0xb
 465 003b 3A       		.uleb128 0x3a
 466 003c 0B       		.uleb128 0xb
 467 003d 3B       		.uleb128 0x3b
 468 003e 0B       		.uleb128 0xb
 469 003f 01       		.uleb128 0x1
 470 0040 13       		.uleb128 0x13
 471 0041 00       		.byte	0
 472 0042 00       		.byte	0
 473 0043 06       		.uleb128 0x6
 474 0044 28       		.uleb128 0x28
 475 0045 00       		.byte	0
 476 0046 03       		.uleb128 0x3
 477 0047 0E       		.uleb128 0xe
 478 0048 1C       		.uleb128 0x1c
 479 0049 0D       		.uleb128 0xd
 480 004a 00       		.byte	0
 481 004b 00       		.byte	0
 482 004c 07       		.uleb128 0x7
 483 004d 16       		.uleb128 0x16
 484 004e 00       		.byte	0
 485 004f 03       		.uleb128 0x3
 486 0050 0E       		.uleb128 0xe
 487 0051 3A       		.uleb128 0x3a
 488 0052 0B       		.uleb128 0xb
 489 0053 3B       		.uleb128 0x3b
 490 0054 05       		.uleb128 0x5
 491 0055 49       		.uleb128 0x49
 492 0056 13       		.uleb128 0x13
 493 0057 00       		.byte	0
 494 0058 00       		.byte	0
 495 0059 08       		.uleb128 0x8
 496 005a 13       		.uleb128 0x13
 497 005b 01       		.byte	0x1
 498 005c 0B       		.uleb128 0xb
 499 005d 0B       		.uleb128 0xb
 500 005e 3A       		.uleb128 0x3a
 501 005f 0B       		.uleb128 0xb
 502 0060 3B       		.uleb128 0x3b
 503 0061 0B       		.uleb128 0xb
 504 0062 01       		.uleb128 0x1
 505 0063 13       		.uleb128 0x13
 506 0064 00       		.byte	0
 507 0065 00       		.byte	0
 508 0066 09       		.uleb128 0x9
 509 0067 0D       		.uleb128 0xd
 510 0068 00       		.byte	0
ARM GAS  C:\Users\sunyi\AppData\Local\Temp\cclEkIoz.s 			page 12


 511 0069 03       		.uleb128 0x3
 512 006a 0E       		.uleb128 0xe
 513 006b 3A       		.uleb128 0x3a
 514 006c 0B       		.uleb128 0xb
 515 006d 3B       		.uleb128 0x3b
 516 006e 0B       		.uleb128 0xb
 517 006f 49       		.uleb128 0x49
 518 0070 13       		.uleb128 0x13
 519 0071 38       		.uleb128 0x38
 520 0072 0B       		.uleb128 0xb
 521 0073 00       		.byte	0
 522 0074 00       		.byte	0
 523 0075 0A       		.uleb128 0xa
 524 0076 01       		.uleb128 0x1
 525 0077 01       		.byte	0x1
 526 0078 49       		.uleb128 0x49
 527 0079 13       		.uleb128 0x13
 528 007a 01       		.uleb128 0x1
 529 007b 13       		.uleb128 0x13
 530 007c 00       		.byte	0
 531 007d 00       		.byte	0
 532 007e 0B       		.uleb128 0xb
 533 007f 21       		.uleb128 0x21
 534 0080 00       		.byte	0
 535 0081 49       		.uleb128 0x49
 536 0082 13       		.uleb128 0x13
 537 0083 2F       		.uleb128 0x2f
 538 0084 0B       		.uleb128 0xb
 539 0085 00       		.byte	0
 540 0086 00       		.byte	0
 541 0087 0C       		.uleb128 0xc
 542 0088 2E       		.uleb128 0x2e
 543 0089 00       		.byte	0
 544 008a 3F       		.uleb128 0x3f
 545 008b 19       		.uleb128 0x19
 546 008c 03       		.uleb128 0x3
 547 008d 0E       		.uleb128 0xe
 548 008e 3A       		.uleb128 0x3a
 549 008f 0B       		.uleb128 0xb
 550 0090 3B       		.uleb128 0x3b
 551 0091 0B       		.uleb128 0xb
 552 0092 27       		.uleb128 0x27
 553 0093 19       		.uleb128 0x19
 554 0094 11       		.uleb128 0x11
 555 0095 01       		.uleb128 0x1
 556 0096 12       		.uleb128 0x12
 557 0097 06       		.uleb128 0x6
 558 0098 40       		.uleb128 0x40
 559 0099 18       		.uleb128 0x18
 560 009a 9742     		.uleb128 0x2117
 561 009c 19       		.uleb128 0x19
 562 009d 00       		.byte	0
 563 009e 00       		.byte	0
 564 009f 0D       		.uleb128 0xd
 565 00a0 34       		.uleb128 0x34
 566 00a1 00       		.byte	0
 567 00a2 03       		.uleb128 0x3
ARM GAS  C:\Users\sunyi\AppData\Local\Temp\cclEkIoz.s 			page 13


 568 00a3 0E       		.uleb128 0xe
 569 00a4 3A       		.uleb128 0x3a
 570 00a5 0B       		.uleb128 0xb
 571 00a6 3B       		.uleb128 0x3b
 572 00a7 0B       		.uleb128 0xb
 573 00a8 49       		.uleb128 0x49
 574 00a9 13       		.uleb128 0x13
 575 00aa 3F       		.uleb128 0x3f
 576 00ab 19       		.uleb128 0x19
 577 00ac 02       		.uleb128 0x2
 578 00ad 18       		.uleb128 0x18
 579 00ae 00       		.byte	0
 580 00af 00       		.byte	0
 581 00b0 0E       		.uleb128 0xe
 582 00b1 26       		.uleb128 0x26
 583 00b2 00       		.byte	0
 584 00b3 49       		.uleb128 0x49
 585 00b4 13       		.uleb128 0x13
 586 00b5 00       		.byte	0
 587 00b6 00       		.byte	0
 588 00b7 00       		.byte	0
 589              		.section	.debug_aranges,"",%progbits
 590 0000 1C000000 		.4byte	0x1c
 591 0004 0200     		.2byte	0x2
 592 0006 00000000 		.4byte	.Ldebug_info0
 593 000a 04       		.byte	0x4
 594 000b 00       		.byte	0
 595 000c 0000     		.2byte	0
 596 000e 0000     		.2byte	0
 597 0010 00000000 		.4byte	.LFB2
 598 0014 08000000 		.4byte	.LFE2-.LFB2
 599 0018 00000000 		.4byte	0
 600 001c 00000000 		.4byte	0
 601              		.section	.debug_ranges,"",%progbits
 602              	.Ldebug_ranges0:
 603 0000 00000000 		.4byte	.LFB2
 604 0004 08000000 		.4byte	.LFE2
 605 0008 00000000 		.4byte	0
 606 000c 00000000 		.4byte	0
 607              		.section	.debug_line,"",%progbits
 608              	.Ldebug_line0:
 609 0000 9C000000 		.section	.debug_str,"MS",%progbits,1
 609      02008300 
 609      00000201 
 609      FB0E0D00 
 609      01010101 
 610              	.LASF21:
 611 0000 4359424C 		.ascii	"CYBLE_EVT_GAP_PASSKEY_ENTRY_REQUEST\000"
 611      455F4556 
 611      545F4741 
 611      505F5041 
 611      53534B45 
 612              	.LASF27:
 613 0024 4359424C 		.ascii	"CYBLE_EVT_GAP_DEVICE_DISCONNECTED\000"
 613      455F4556 
 613      545F4741 
 613      505F4445 
ARM GAS  C:\Users\sunyi\AppData\Local\Temp\cclEkIoz.s 			page 14


 613      56494345 
 614              	.LASF2:
 615 0046 73686F72 		.ascii	"short int\000"
 615      7420696E 
 615      7400
 616              	.LASF24:
 617 0050 4359424C 		.ascii	"CYBLE_EVT_GAP_AUTH_FAILED\000"
 617      455F4556 
 617      545F4741 
 617      505F4155 
 617      54485F46 
 618              	.LASF12:
 619 006a 73697A65 		.ascii	"sizetype\000"
 619      74797065 
 619      00
 620              	.LASF32:
 621 0073 4359424C 		.ascii	"CYBLE_EVT_GATTC_ERROR_RSP\000"
 621      455F4556 
 621      545F4741 
 621      5454435F 
 621      4552524F 
 622              	.LASF75:
 623 008d 63757374 		.ascii	"customServHandle\000"
 623      6F6D5365 
 623      72764861 
 623      6E646C65 
 623      00
 624              	.LASF17:
 625 009e 4359424C 		.ascii	"CYBLE_EVT_HCI_STATUS\000"
 625      455F4556 
 625      545F4843 
 625      495F5354 
 625      41545553 
 626              	.LASF81:
 627 00b3 4379426C 		.ascii	"CyBle_CustomInit\000"
 627      655F4375 
 627      73746F6D 
 627      496E6974 
 627      00
 628              	.LASF14:
 629 00c4 4359424C 		.ascii	"CYBLE_EVT_STACK_ON\000"
 629      455F4556 
 629      545F5354 
 629      41434B5F 
 629      4F4E00
 630              	.LASF35:
 631 00d7 4359424C 		.ascii	"CYBLE_EVT_GATTS_XCNHG_MTU_REQ\000"
 631      455F4556 
 631      545F4741 
 631      5454535F 
 631      58434E48 
 632              	.LASF70:
 633 00f5 75696E74 		.ascii	"uint16\000"
 633      313600
 634              	.LASF80:
 635 00fc 433A5C55 		.ascii	"C:\\Users\\sunyi\\Desktop\\Yushen-Yang-BLE-Lab4\\BL"
 635      73657273 
ARM GAS  C:\Users\sunyi\AppData\Local\Temp\cclEkIoz.s 			page 15


 635      5C73756E 
 635      79695C44 
 635      65736B74 
 636 012a 45204C61 		.ascii	"E Lab 4.cydsn\000"
 636      6220342E 
 636      63796473 
 636      6E00
 637              	.LASF73:
 638 0138 63757374 		.ascii	"customServCharDesc\000"
 638      6F6D5365 
 638      72764368 
 638      61724465 
 638      736300
 639              	.LASF43:
 640 014b 4359424C 		.ascii	"CYBLE_EVT_GATTC_READ_MULTI_RSP\000"
 640      455F4556 
 640      545F4741 
 640      5454435F 
 640      52454144 
 641              	.LASF52:
 642 016a 4359424C 		.ascii	"CYBLE_EVT_GATTS_HANDLE_VALUE_CNF\000"
 642      455F4556 
 642      545F4741 
 642      5454535F 
 642      48414E44 
 643              	.LASF13:
 644 018b 4359424C 		.ascii	"CYBLE_EVT_HOST_INVALID\000"
 644      455F4556 
 644      545F484F 
 644      53545F49 
 644      4E56414C 
 645              	.LASF59:
 646 01a2 4359424C 		.ascii	"CYBLE_EVT_L2CAP_CBFC_CONN_IND\000"
 646      455F4556 
 646      545F4C32 
 646      4341505F 
 646      43424643 
 647              	.LASF62:
 648 01c0 4359424C 		.ascii	"CYBLE_EVT_L2CAP_CBFC_DISCONN_CNF\000"
 648      455F4556 
 648      545F4C32 
 648      4341505F 
 648      43424643 
 649              	.LASF9:
 650 01e1 666C6F61 		.ascii	"float\000"
 650      7400
 651              	.LASF41:
 652 01e7 4359424C 		.ascii	"CYBLE_EVT_GATTC_READ_RSP\000"
 652      455F4556 
 652      545F4741 
 652      5454435F 
 652      52454144 
 653              	.LASF45:
 654 0200 4359424C 		.ascii	"CYBLE_EVT_GATTC_WRITE_RSP\000"
 654      455F4556 
 654      545F4741 
 654      5454435F 
ARM GAS  C:\Users\sunyi\AppData\Local\Temp\cclEkIoz.s 			page 16


 654      57524954 
 655              	.LASF6:
 656 021a 6C6F6E67 		.ascii	"long long int\000"
 656      206C6F6E 
 656      6720696E 
 656      7400
 657              	.LASF7:
 658 0228 6C6F6E67 		.ascii	"long long unsigned int\000"
 658      206C6F6E 
 658      6720756E 
 658      7369676E 
 658      65642069 
 659              	.LASF74:
 660 023f 4359424C 		.ascii	"CYBLE_CUSTOMS_INFO_T\000"
 660      455F4355 
 660      53544F4D 
 660      535F494E 
 660      464F5F54 
 661              	.LASF4:
 662 0254 6C6F6E67 		.ascii	"long int\000"
 662      20696E74 
 662      00
 663              	.LASF51:
 664 025d 4359424C 		.ascii	"CYBLE_EVT_GATTC_HANDLE_VALUE_IND\000"
 664      455F4556 
 664      545F4741 
 664      5454435F 
 664      48414E44 
 665              	.LASF26:
 666 027e 4359424C 		.ascii	"CYBLE_EVT_GAP_DEVICE_CONNECTED\000"
 666      455F4556 
 666      545F4741 
 666      505F4445 
 666      56494345 
 667              	.LASF25:
 668 029d 4359424C 		.ascii	"CYBLE_EVT_GAPP_ADVERTISEMENT_START_STOP\000"
 668      455F4556 
 668      545F4741 
 668      50505F41 
 668      44564552 
 669              	.LASF50:
 670 02c5 4359424C 		.ascii	"CYBLE_EVT_GATTC_HANDLE_VALUE_NTF\000"
 670      455F4556 
 670      545F4741 
 670      5454435F 
 670      48414E44 
 671              	.LASF18:
 672 02e6 4359424C 		.ascii	"CYBLE_EVT_STACK_BUSY_STATUS\000"
 672      455F4556 
 672      545F5354 
 672      41434B5F 
 672      42555359 
 673              	.LASF22:
 674 0302 4359424C 		.ascii	"CYBLE_EVT_GAP_PASSKEY_DISPLAY_REQUEST\000"
 674      455F4556 
 674      545F4741 
 674      505F5041 
ARM GAS  C:\Users\sunyi\AppData\Local\Temp\cclEkIoz.s 			page 17


 674      53534B45 
 675              	.LASF79:
 676 0328 2E5C4765 		.ascii	".\\Generated_Source\\PSoC4\\BLE_1_custom.c\000"
 676      6E657261 
 676      7465645F 
 676      536F7572 
 676      63655C50 
 677              	.LASF77:
 678 0350 4359424C 		.ascii	"CYBLE_CUSTOMS_T\000"
 678      455F4355 
 678      53544F4D 
 678      535F5400 
 679              	.LASF60:
 680 0360 4359424C 		.ascii	"CYBLE_EVT_L2CAP_CBFC_CONN_CNF\000"
 680      455F4556 
 680      545F4C32 
 680      4341505F 
 680      43424643 
 681              	.LASF69:
 682 037e 4359424C 		.ascii	"CYBLE_EVT_MAX\000"
 682      455F4556 
 682      545F4D41 
 682      5800
 683              	.LASF56:
 684 038c 4359424C 		.ascii	"CYBLE_EVT_L2CAP_CONN_PARAM_UPDATE_REQ\000"
 684      455F4556 
 684      545F4C32 
 684      4341505F 
 684      434F4E4E 
 685              	.LASF1:
 686 03b2 756E7369 		.ascii	"unsigned char\000"
 686      676E6564 
 686      20636861 
 686      7200
 687              	.LASF76:
 688 03c0 63757374 		.ascii	"customServInfo\000"
 688      6F6D5365 
 688      7276496E 
 688      666F00
 689              	.LASF47:
 690 03cf 4359424C 		.ascii	"CYBLE_EVT_GATTS_PREP_WRITE_REQ\000"
 690      455F4556 
 690      545F4741 
 690      5454535F 
 690      50524550 
 691              	.LASF68:
 692 03ee 4359424C 		.ascii	"CYBLE_EVT_LE_PING_AUTH_TIMEOUT\000"
 692      455F4556 
 692      545F4C45 
 692      5F50494E 
 692      475F4155 
 693              	.LASF39:
 694 040d 4359424C 		.ascii	"CYBLE_EVT_GATTC_FIND_INFO_RSP\000"
 694      455F4556 
 694      545F4741 
 694      5454435F 
 694      46494E44 
ARM GAS  C:\Users\sunyi\AppData\Local\Temp\cclEkIoz.s 			page 18


 695              	.LASF0:
 696 042b 7369676E 		.ascii	"signed char\000"
 696      65642063 
 696      68617200 
 697              	.LASF44:
 698 0437 4359424C 		.ascii	"CYBLE_EVT_GATTS_WRITE_REQ\000"
 698      455F4556 
 698      545F4741 
 698      5454535F 
 698      57524954 
 699              	.LASF40:
 700 0451 4359424C 		.ascii	"CYBLE_EVT_GATTC_FIND_BY_TYPE_VALUE_RSP\000"
 700      455F4556 
 700      545F4741 
 700      5454435F 
 700      46494E44 
 701              	.LASF23:
 702 0478 4359424C 		.ascii	"CYBLE_EVT_GAP_AUTH_COMPLETE\000"
 702      455F4556 
 702      545F4741 
 702      505F4155 
 702      54485F43 
 703              	.LASF8:
 704 0494 756E7369 		.ascii	"unsigned int\000"
 704      676E6564 
 704      20696E74 
 704      00
 705              	.LASF33:
 706 04a1 4359424C 		.ascii	"CYBLE_EVT_GATT_CONNECT_IND\000"
 706      455F4556 
 706      545F4741 
 706      54545F43 
 706      4F4E4E45 
 707              	.LASF5:
 708 04bc 6C6F6E67 		.ascii	"long unsigned int\000"
 708      20756E73 
 708      69676E65 
 708      6420696E 
 708      7400
 709              	.LASF20:
 710 04ce 4359424C 		.ascii	"CYBLE_EVT_GAP_AUTH_REQ\000"
 710      455F4556 
 710      545F4741 
 710      505F4155 
 710      54485F52 
 711              	.LASF61:
 712 04e5 4359424C 		.ascii	"CYBLE_EVT_L2CAP_CBFC_DISCONN_IND\000"
 712      455F4556 
 712      545F4C32 
 712      4341505F 
 712      43424643 
 713              	.LASF28:
 714 0506 4359424C 		.ascii	"CYBLE_EVT_GAP_ENCRYPT_CHANGE\000"
 714      455F4556 
 714      545F4741 
 714      505F454E 
 714      43525950 
ARM GAS  C:\Users\sunyi\AppData\Local\Temp\cclEkIoz.s 			page 19


 715              	.LASF31:
 716 0523 4359424C 		.ascii	"CYBLE_EVT_GAP_KEYINFO_EXCHNGE_CMPLT\000"
 716      455F4556 
 716      545F4741 
 716      505F4B45 
 716      59494E46 
 717              	.LASF29:
 718 0547 4359424C 		.ascii	"CYBLE_EVT_GAP_CONNECTION_UPDATE_COMPLETE\000"
 718      455F4556 
 718      545F4741 
 718      505F434F 
 718      4E4E4543 
 719              	.LASF11:
 720 0570 63686172 		.ascii	"char\000"
 720      00
 721              	.LASF78:
 722 0575 474E5520 		.ascii	"GNU C 4.9.3 20150303 (release) [ARM/embedded-4_9-br"
 722      4320342E 
 722      392E3320 
 722      32303135 
 722      30333033 
 723 05a8 616E6368 		.ascii	"anch revision 221220] -mcpu=cortex-m0 -mthumb -g -O"
 723      20726576 
 723      6973696F 
 723      6E203232 
 723      31323230 
 724 05db 30202D66 		.ascii	"0 -ffunction-sections -ffat-lto-objects\000"
 724      66756E63 
 724      74696F6E 
 724      2D736563 
 724      74696F6E 
 725              	.LASF58:
 726 0603 4359424C 		.ascii	"CYBLE_EVT_L2CAP_COMMAND_REJ\000"
 726      455F4556 
 726      545F4C32 
 726      4341505F 
 726      434F4D4D 
 727              	.LASF3:
 728 061f 73686F72 		.ascii	"short unsigned int\000"
 728      7420756E 
 728      7369676E 
 728      65642069 
 728      6E7400
 729              	.LASF42:
 730 0632 4359424C 		.ascii	"CYBLE_EVT_GATTC_READ_BLOB_RSP\000"
 730      455F4556 
 730      545F4741 
 730      5454435F 
 730      52454144 
 731              	.LASF49:
 732 0650 4359424C 		.ascii	"CYBLE_EVT_GATTC_EXEC_WRITE_RSP\000"
 732      455F4556 
 732      545F4741 
 732      5454435F 
 732      45584543 
 733              	.LASF30:
 734 066f 4359424C 		.ascii	"CYBLE_EVT_GAPC_SCAN_START_STOP\000"
ARM GAS  C:\Users\sunyi\AppData\Local\Temp\cclEkIoz.s 			page 20


 734      455F4556 
 734      545F4741 
 734      50435F53 
 734      43414E5F 
 735              	.LASF67:
 736 068e 4359424C 		.ascii	"CYBLE_EVT_PENDING_FLASH_WRITE\000"
 736      455F4556 
 736      545F5045 
 736      4E44494E 
 736      475F464C 
 737              	.LASF64:
 738 06ac 4359424C 		.ascii	"CYBLE_EVT_L2CAP_CBFC_RX_CREDIT_IND\000"
 738      455F4556 
 738      545F4C32 
 738      4341505F 
 738      43424643 
 739              	.LASF10:
 740 06cf 646F7562 		.ascii	"double\000"
 740      6C6500
 741              	.LASF65:
 742 06d6 4359424C 		.ascii	"CYBLE_EVT_L2CAP_CBFC_TX_CREDIT_IND\000"
 742      455F4556 
 742      545F4C32 
 742      4341505F 
 742      43424643 
 743              	.LASF72:
 744 06f9 63757374 		.ascii	"customServCharHandle\000"
 744      6F6D5365 
 744      72764368 
 744      61724861 
 744      6E646C65 
 745              	.LASF16:
 746 070e 4359424C 		.ascii	"CYBLE_EVT_HARDWARE_ERROR\000"
 746      455F4556 
 746      545F4841 
 746      52445741 
 746      52455F45 
 747              	.LASF63:
 748 0727 4359424C 		.ascii	"CYBLE_EVT_L2CAP_CBFC_DATA_READ\000"
 748      455F4556 
 748      545F4C32 
 748      4341505F 
 748      43424643 
 749              	.LASF57:
 750 0746 4359424C 		.ascii	"CYBLE_EVT_L2CAP_CONN_PARAM_UPDATE_RSP\000"
 750      455F4556 
 750      545F4C32 
 750      4341505F 
 750      434F4E4E 
 751              	.LASF19:
 752 076c 4359424C 		.ascii	"CYBLE_EVT_GAPC_SCAN_PROGRESS_RESULT\000"
 752      455F4556 
 752      545F4741 
 752      50435F53 
 752      43414E5F 
 753              	.LASF37:
 754 0790 4359424C 		.ascii	"CYBLE_EVT_GATTC_READ_BY_GROUP_TYPE_RSP\000"
ARM GAS  C:\Users\sunyi\AppData\Local\Temp\cclEkIoz.s 			page 21


 754      455F4556 
 754      545F4741 
 754      5454435F 
 754      52454144 
 755              	.LASF46:
 756 07b7 4359424C 		.ascii	"CYBLE_EVT_GATTS_WRITE_CMD_REQ\000"
 756      455F4556 
 756      545F4741 
 756      5454535F 
 756      57524954 
 757              	.LASF38:
 758 07d5 4359424C 		.ascii	"CYBLE_EVT_GATTC_READ_BY_TYPE_RSP\000"
 758      455F4556 
 758      545F4741 
 758      5454435F 
 758      52454144 
 759              	.LASF36:
 760 07f6 4359424C 		.ascii	"CYBLE_EVT_GATTC_XCHNG_MTU_RSP\000"
 760      455F4556 
 760      545F4741 
 760      5454435F 
 760      5843484E 
 761              	.LASF66:
 762 0814 4359424C 		.ascii	"CYBLE_EVT_L2CAP_CBFC_DATA_WRITE_IND\000"
 762      455F4556 
 762      545F4C32 
 762      4341505F 
 762      43424643 
 763              	.LASF15:
 764 0838 4359424C 		.ascii	"CYBLE_EVT_TIMEOUT\000"
 764      455F4556 
 764      545F5449 
 764      4D454F55 
 764      5400
 765              	.LASF55:
 766 084a 4359424C 		.ascii	"CYBLE_EVT_GATTS_READ_CHAR_VAL_ACCESS_REQ\000"
 766      455F4556 
 766      545F4741 
 766      5454535F 
 766      52454144 
 767              	.LASF54:
 768 0873 4359424C 		.ascii	"CYBLE_EVT_GATTC_STOP_CMD_COMPLETE\000"
 768      455F4556 
 768      545F4741 
 768      5454435F 
 768      53544F50 
 769              	.LASF48:
 770 0895 4359424C 		.ascii	"CYBLE_EVT_GATTS_EXEC_WRITE_REQ\000"
 770      455F4556 
 770      545F4741 
 770      5454535F 
 770      45584543 
 771              	.LASF71:
 772 08b4 4359424C 		.ascii	"CYBLE_GATT_DB_ATTR_HANDLE_T\000"
 772      455F4741 
 772      54545F44 
 772      425F4154 
ARM GAS  C:\Users\sunyi\AppData\Local\Temp\cclEkIoz.s 			page 22


 772      54525F48 
 773              	.LASF82:
 774 08d0 6379426C 		.ascii	"cyBle_customs\000"
 774      655F6375 
 774      73746F6D 
 774      7300
 775              	.LASF53:
 776 08de 4359424C 		.ascii	"CYBLE_EVT_GATTS_DATA_SIGNED_CMD_REQ\000"
 776      455F4556 
 776      545F4741 
 776      5454535F 
 776      44415441 
 777              	.LASF34:
 778 0902 4359424C 		.ascii	"CYBLE_EVT_GATT_DISCONNECT_IND\000"
 778      455F4556 
 778      545F4741 
 778      54545F44 
 778      4953434F 
 779              		.ident	"GCC: (GNU Tools for ARM Embedded Processors) 4.9.3 20150303 (release) [ARM/embedded-4_9-br
